{"level":"info","message":"Attempting to connect to MongoDB with URI: mongodb+srv://sct:****@lamp.add7ofy.mongodb.net/detour?retryWrites=true&w=majority&appName=lamp","service":"detour-backend","timestamp":"2026-07-01 00:53:55"}
{"level":"info","message":"Server started on port 5000 in development mode","service":"detour-backend","timestamp":"2026-07-01 00:53:57"}
{"level":"info","message":"Listening on http://0.0.0.0:5000","service":"detour-backend","timestamp":"2026-07-01 00:53:57"}
{"level":"info","message":"MongoDB Connected","service":"detour-backend","timestamp":"2026-07-01 00:53:57"}
{"level":"info","message":"Connected to Database: detour","service":"detour-backend","timestamp":"2026-07-01 00:53:57"}
{"level":"info","message":"Attempting to connect to MongoDB with URI: mongodb+srv://sct:****@lamp.add7ofy.mongodb.net/detour?retryWrites=true&w=majority&appName=lamp","service":"detour-backend","timestamp":"2026-07-01 01:36:31"}
{"level":"info","message":"Server started on port 5000 in development mode","service":"detour-backend","timestamp":"2026-07-01 01:36:32"}
{"level":"info","message":"Listening on http://0.0.0.0:5000","service":"detour-backend","timestamp":"2026-07-01 01:36:32"}
{"level":"info","message":"MongoDB Connected","service":"detour-backend","timestamp":"2026-07-01 01:36:33"}
{"level":"info","message":"Connected to Database: detour","service":"detour-backend","timestamp":"2026-07-01 01:36:33"}
{"level":"info","message":"Attempting to connect to MongoDB with URI: mongodb+srv://sct:****@lamp.add7ofy.mongodb.net/detour?retryWrites=true&w=majority&appName=lamp","service":"detour-backend","timestamp":"2026-07-01 01:48:46"}
{"level":"info","message":"Server started on port 5000 in development mode","service":"detour-backend","timestamp":"2026-07-01 01:48:46"}
{"level":"info","message":"Listening on http://0.0.0.0:5000","service":"detour-backend","timestamp":"2026-07-01 01:48:46"}
{"level":"info","message":"MongoDB Connected","service":"detour-backend","timestamp":"2026-07-01 01:48:47"}
{"level":"info","message":"Connected to Database: detour","service":"detour-backend","timestamp":"2026-07-01 01:48:47"}
{"level":"error","message":"💥 ERROR: Cannot set property query of #<IncomingMessage> which has only a getter","service":"detour-backend","stack":"TypeError: Cannot set property query of #<IncomingMessage> which has only a getter\n    at C:\\Users\\sibar\\Desktop\\detour.ma\\detour\\backend\\node_modules\\express-mongo-sanitize\\index.js:113:18\n    at Array.forEach (<anonymous>)\n    at C:\\Users\\sibar\\Desktop\\detour.ma\\detour\\backend\\node_modules\\express-mongo-sanitize\\index.js:110:44\n    at Layer.handleRequest (C:\\Users\\sibar\\Desktop\\detour.ma\\detour\\backend\\node_modules\\router\\lib\\layer.js:152:17)\n    at trimPrefix (C:\\Users\\sibar\\Desktop\\detour.ma\\detour\\backend\\node_modules\\router\\index.js:342:13)\n    at C:\\Users\\sibar\\Desktop\\detour.ma\\detour\\backend\\node_modules\\router\\index.js:297:9\n    at processParams (C:\\Users\\sibar\\Desktop\\detour.ma\\detour\\backend\\node_modules\\router\\index.js:582:12)\n    at next (C:\\Users\\sibar\\Desktop\\detour.ma\\detour\\backend\\node_modules\\router\\index.js:291:5)\n    at internalNext (C:\\Users\\sibar\\Desktop\\detour.ma\\detour\\backend\\node_modules\\helmet\\index.cjs:531:6)\n    at xXssProtectionMiddleware (C:\\Users\\sibar\\Desktop\\detour.ma\\detour\\backend\\node_modules\\helmet\\index.cjs:311:3)","status":"error","statusCode":500,"timestamp":"2026-07-01 01:57:06"}
{"level":"error","message":"💥 ERROR: Cannot set property query of #<IncomingMessage> which has only a getter","service":"detour-backend","stack":"TypeError: Cannot set property query of #<IncomingMessage> which has only a getter\n    at C:\\Users\\sibar\\Desktop\\detour.ma\\detour\\backend\\node_modules\\express-mongo-sanitize\\index.js:113:18\n    at Array.forEach (<anonymous>)\n    at C:\\Users\\sibar\\Desktop\\detour.ma\\detour\\backend\\node_modules\\express-mongo-sanitize\\index.js:110:44\n    at Layer.handleRequest (C:\\Users\\sibar\\Desktop\\detour.ma\\detour\\backend\\node_modules\\router\\lib\\layer.js:152:17)\n    at trimPrefix (C:\\Users\\sibar\\Desktop\\detour.ma\\detour\\backend\\node_modules\\router\\index.js:342:13)\n    at C:\\Users\\sibar\\Desktop\\detour.ma\\detour\\backend\\node_modules\\router\\index.js:297:9\n    at processParams (C:\\Users\\sibar\\Desktop\\detour.ma\\detour\\backend\\node_modules\\router\\index.js:582:12)\n    at next (C:\\Users\\sibar\\Desktop\\detour.ma\\detour\\backend\\node_modules\\router\\index.js:291:5)\n    at internalNext (C:\\Users\\sibar\\Desktop\\detour.ma\\detour\\backend\\node_modules\\helmet\\index.cjs:531:6)\n    at xXssProtectionMiddleware (C:\\Users\\sibar\\Desktop\\detour.ma\\detour\\backend\\node_modules\\helmet\\index.cjs:311:3)","status":"error","statusCode":500,"timestamp":"2026-07-01 01:57:57"}
{"level":"error","message":"💥 ERROR: Cannot set property query of #<IncomingMessage> which has only a getter","service":"detour-backend","stack":"TypeError: Cannot set property query of #<IncomingMessage> which has only a getter\n    at C:\\Users\\sibar\\Desktop\\detour.ma\\detour\\backend\\node_modules\\express-mongo-sanitize\\index.js:113:18\n    at Array.forEach (<anonymous>)\n    at C:\\Users\\sibar\\Desktop\\detour.ma\\detour\\backend\\node_modules\\express-mongo-sanitize\\index.js:110:44\n    at Layer.handleRequest (C:\\Users\\sibar\\Desktop\\detour.ma\\detour\\backend\\node_modules\\router\\lib\\layer.js:152:17)\n    at trimPrefix (C:\\Users\\sibar\\Desktop\\detour.ma\\detour\\backend\\node_modules\\router\\index.js:342:13)\n    at C:\\Users\\sibar\\Desktop\\detour.ma\\detour\\backend\\node_modules\\router\\index.js:297:9\n    at processParams (C:\\Users\\sibar\\Desktop\\detour.ma\\detour\\backend\\node_modules\\router\\index.js:582:12)\n    at next (C:\\Users\\sibar\\Desktop\\detour.ma\\detour\\backend\\node_modules\\router\\index.js:291:5)\n    at internalNext (C:\\Users\\sibar\\Desktop\\detour.ma\\detour\\backend\\node_modules\\helmet\\index.cjs:531:6)\n    at xXssProtectionMiddleware (C:\\Users\\sibar\\Desktop\\detour.ma\\detour\\backend\\node_modules\\helmet\\index.cjs:311:3)","status":"error","statusCode":500,"timestamp":"2026-07-01 01:58:14"}
{"level":"error","message":"💥 ERROR: Cannot set property query of #<IncomingMessage> which has only a getter","service":"detour-backend","stack":"TypeError: Cannot set property query of #<IncomingMessage> which has only a getter\n    at C:\\Users\\sibar\\Desktop\\detour.ma\\detour\\backend\\node_modules\\express-mongo-sanitize\\index.js:113:18\n    at Array.forEach (<anonymous>)\n    at C:\\Users\\sibar\\Desktop\\detour.ma\\detour\\backend\\node_modules\\express-mongo-sanitize\\index.js:110:44\n    at Layer.handleRequest (C:\\Users\\sibar\\Desktop\\detour.ma\\detour\\backend\\node_modules\\router\\lib\\layer.js:152:17)\n    at trimPrefix (C:\\Users\\sibar\\Desktop\\detour.ma\\detour\\backend\\node_modules\\router\\index.js:342:13)\n    at C:\\Users\\sibar\\Desktop\\detour.ma\\detour\\backend\\node_modules\\router\\index.js:297:9\n    at processParams (C:\\Users\\sibar\\Desktop\\detour.ma\\detour\\backend\\node_modules\\router\\index.js:582:12)\n    at next (C:\\Users\\sibar\\Desktop\\detour.ma\\detour\\backend\\node_modules\\router\\index.js:291:5)\n    at internalNext (C:\\Users\\sibar\\Desktop\\detour.ma\\detour\\backend\\node_modules\\helmet\\index.cjs:531:6)\n    at xXssProtectionMiddleware (C:\\Users\\sibar\\Desktop\\detour.ma\\detour\\backend\\node_modules\\helmet\\index.cjs:311:3)","status":"error","statusCode":500,"timestamp":"2026-07-01 01:59:38"}
{"level":"error","message":"💥 ERROR: Cannot set property query of #<IncomingMessage> which has only a getter","service":"detour-backend","stack":"TypeError: Cannot set property query of #<IncomingMessage> which has only a getter\n    at C:\\Users\\sibar\\Desktop\\detour.ma\\detour\\backend\\node_modules\\express-mongo-sanitize\\index.js:113:18\n    at Array.forEach (<anonymous>)\n    at C:\\Users\\sibar\\Desktop\\detour.ma\\detour\\backend\\node_modules\\express-mongo-sanitize\\index.js:110:44\n    at Layer.handleRequest (C:\\Users\\sibar\\Desktop\\detour.ma\\detour\\backend\\node_modules\\router\\lib\\layer.js:152:17)\n    at trimPrefix (C:\\Users\\sibar\\Desktop\\detour.ma\\detour\\backend\\node_modules\\router\\index.js:342:13)\n    at C:\\Users\\sibar\\Desktop\\detour.ma\\detour\\backend\\node_modules\\router\\index.js:297:9\n    at processParams (C:\\Users\\sibar\\Desktop\\detour.ma\\detour\\backend\\node_modules\\router\\index.js:582:12)\n    at next (C:\\Users\\sibar\\Desktop\\detour.ma\\detour\\backend\\node_modules\\router\\index.js:291:5)\n    at internalNext (C:\\Users\\sibar\\Desktop\\detour.ma\\detour\\backend\\node_modules\\helmet\\index.cjs:531:6)\n    at xXssProtectionMiddleware (C:\\Users\\sibar\\Desktop\\detour.ma\\detour\\backend\\node_modules\\helmet\\index.cjs:311:3)","status":"error","statusCode":500,"timestamp":"2026-07-01 02:00:08"}
{"level":"info","message":"Attempting to connect to MongoDB with URI: mongodb+srv://sct:****@lamp.add7ofy.mongodb.net/detour?retryWrites=true&w=majority&appName=lamp","service":"detour-backend","timestamp":"2026-07-01 02:00:27"}
{"level":"info","message":"Server started on port 5000 in development mode","service":"detour-backend","timestamp":"2026-07-01 02:00:28"}
{"level":"info","message":"Listening on http://0.0.0.0:5000","service":"detour-backend","timestamp":"2026-07-01 02:00:28"}
{"level":"info","message":"MongoDB Connected","service":"detour-backend","timestamp":"2026-07-01 02:00:29"}
{"level":"info","message":"Connected to Database: detour","service":"detour-backend","timestamp":"2026-07-01 02:00:29"}
{"level":"error","message":"💥 ERROR: Cannot set property query of #<IncomingMessage> which has only a getter","service":"detour-backend","stack":"TypeError: Cannot set property query of #<IncomingMessage> which has only a getter\n    at C:\\Users\\sibar\\Desktop\\detour.ma\\detour\\backend\\node_modules\\express-mongo-sanitize\\index.js:113:18\n    at Array.forEach (<anonymous>)\n    at C:\\Users\\sibar\\Desktop\\detour.ma\\detour\\backend\\node_modules\\express-mongo-sanitize\\index.js:110:44\n    at Layer.handleRequest (C:\\Users\\sibar\\Desktop\\detour.ma\\detour\\backend\\node_modules\\router\\lib\\layer.js:152:17)\n    at trimPrefix (C:\\Users\\sibar\\Desktop\\detour.ma\\detour\\backend\\node_modules\\router\\index.js:342:13)\n    at C:\\Users\\sibar\\Desktop\\detour.ma\\detour\\backend\\node_modules\\router\\index.js:297:9\n    at processParams (C:\\Users\\sibar\\Desktop\\detour.ma\\detour\\backend\\node_modules\\router\\index.js:582:12)\n    at next (C:\\Users\\sibar\\Desktop\\detour.ma\\detour\\backend\\node_modules\\router\\index.js:291:5)\n    at internalNext (C:\\Users\\sibar\\Desktop\\detour.ma\\detour\\backend\\node_modules\\helmet\\index.cjs:531:6)\n    at xXssProtectionMiddleware (C:\\Users\\sibar\\Desktop\\detour.ma\\detour\\backend\\node_modules\\helmet\\index.cjs:311:3)","status":"error","statusCode":500,"timestamp":"2026-07-01 02:00:48"}
{"level":"error","message":"💥 ERROR: Cannot set property query of #<IncomingMessage> which has only a getter","service":"detour-backend","stack":"TypeError: Cannot set property query of #<IncomingMessage> which has only a getter\n    at C:\\Users\\sibar\\Desktop\\detour.ma\\detour\\backend\\node_modules\\express-mongo-sanitize\\index.js:113:18\n    at Array.forEach (<anonymous>)\n    at C:\\Users\\sibar\\Desktop\\detour.ma\\detour\\backend\\node_modules\\express-mongo-sanitize\\index.js:110:44\n    at Layer.handleRequest (C:\\Users\\sibar\\Desktop\\detour.ma\\detour\\backend\\node_modules\\router\\lib\\layer.js:152:17)\n    at trimPrefix (C:\\Users\\sibar\\Desktop\\detour.ma\\detour\\backend\\node_modules\\router\\index.js:342:13)\n    at C:\\Users\\sibar\\Desktop\\detour.ma\\detour\\backend\\node_modules\\router\\index.js:297:9\n    at processParams (C:\\Users\\sibar\\Desktop\\detour.ma\\detour\\backend\\node_modules\\router\\index.js:582:12)\n    at next (C:\\Users\\sibar\\Desktop\\detour.ma\\detour\\backend\\node_modules\\router\\index.js:291:5)\n    at internalNext (C:\\Users\\sibar\\Desktop\\detour.ma\\detour\\backend\\node_modules\\helmet\\index.cjs:531:6)\n    at xXssProtectionMiddleware (C:\\Users\\sibar\\Desktop\\detour.ma\\detour\\backend\\node_modules\\helmet\\index.cjs:311:3)","status":"error","statusCode":500,"timestamp":"2026-07-01 02:00:53"}
{"level":"error","message":"💥 ERROR: Cannot set property query of #<IncomingMessage> which has only a getter","service":"detour-backend","stack":"TypeError: Cannot set property query of #<IncomingMessage> which has only a getter\n    at C:\\Users\\sibar\\Desktop\\detour.ma\\detour\\backend\\node_modules\\express-mongo-sanitize\\index.js:113:18\n    at Array.forEach (<anonymous>)\n    at C:\\Users\\sibar\\Desktop\\detour.ma\\detour\\backend\\node_modules\\express-mongo-sanitize\\index.js:110:44\n    at Layer.handleRequest (C:\\Users\\sibar\\Desktop\\detour.ma\\detour\\backend\\node_modules\\router\\lib\\layer.js:152:17)\n    at trimPrefix (C:\\Users\\sibar\\Desktop\\detour.ma\\detour\\backend\\node_modules\\router\\index.js:342:13)\n    at C:\\Users\\sibar\\Desktop\\detour.ma\\detour\\backend\\node_modules\\router\\index.js:297:9\n    at processParams (C:\\Users\\sibar\\Desktop\\detour.ma\\detour\\backend\\node_modules\\router\\index.js:582:12)\n    at next (C:\\Users\\sibar\\Desktop\\detour.ma\\detour\\backend\\node_modules\\router\\index.js:291:5)\n    at internalNext (C:\\Users\\sibar\\Desktop\\detour.ma\\detour\\backend\\node_modules\\helmet\\index.cjs:531:6)\n    at xXssProtectionMiddleware (C:\\Users\\sibar\\Desktop\\detour.ma\\detour\\backend\\node_modules\\helmet\\index.cjs:311:3)","status":"error","statusCode":500,"timestamp":"2026-07-01 02:01:52"}
{"level":"info","message":"Attempting to connect to MongoDB with URI: mongodb+srv://sct:****@lamp.add7ofy.mongodb.net/detour?retryWrites=true&w=majority&appName=lamp","service":"detour-backend","timestamp":"2026-07-01 02:02:23"}
{"level":"info","message":"Server started on port 5000 in development mode","service":"detour-backend","timestamp":"2026-07-01 02:02:24"}
{"level":"info","message":"Listening on http://0.0.0.0:5000","service":"detour-backend","timestamp":"2026-07-01 02:02:24"}
{"level":"info","message":"MongoDB Connected","service":"detour-backend","timestamp":"2026-07-01 02:02:25"}
{"level":"info","message":"Connected to Database: detour","service":"detour-backend","timestamp":"2026-07-01 02:02:25"}
{"level":"info","message":"Attempting to connect to MongoDB with URI: mongodb+srv://sct:****@lamp.add7ofy.mongodb.net/detour?retryWrites=true&w=majority&appName=lamp","service":"detour-backend","timestamp":"2026-07-01 02:02:29"}
{"level":"info","message":"Server started on port 5000 in development mode","service":"detour-backend","timestamp":"2026-07-01 02:02:30"}
{"level":"info","message":"Listening on http://0.0.0.0:5000","service":"detour-backend","timestamp":"2026-07-01 02:02:30"}
{"level":"info","message":"MongoDB Connected","service":"detour-backend","timestamp":"2026-07-01 02:02:30"}
{"level":"info","message":"Connected to Database: detour","service":"detour-backend","timestamp":"2026-07-01 02:02:30"}
{"level":"info","message":"GET /api/auth/me","service":"detour-backend","timestamp":"2026-07-01 02:02:40"}
{"level":"info","message":"POST /api/auth/login","service":"detour-backend","timestamp":"2026-07-01 02:02:41"}
{"level":"error","message":"💥 ERROR: next is not defined","service":"detour-backend","stack":"ReferenceError: next is not defined\n    at AuthController.login (C:\\Users\\sibar\\Desktop\\detour.ma\\detour\\backend\\controllers\\authController.js:48:13)\n    at process.processTicksAndRejections (node:internal/process/task_queues:95:5)","status":"error","statusCode":500,"timestamp":"2026-07-01 02:02:41"}
{"level":"info","message":"GET /api/auth/me","service":"detour-backend","timestamp":"2026-07-01 02:02:46"}
{"level":"info","message":"POST /api/auth/login","service":"detour-backend","timestamp":"2026-07-01 02:03:28"}
{"level":"error","message":"💥 ERROR: next is not defined","service":"detour-backend","stack":"ReferenceError: next is not defined\n    at AuthController.login (C:\\Users\\sibar\\Desktop\\detour.ma\\detour\\backend\\controllers\\authController.js:48:13)\n    at process.processTicksAndRejections (node:internal/process/task_queues:95:5)","status":"error","statusCode":500,"timestamp":"2026-07-01 02:03:28"}
{"level":"info","message":"Attempting to connect to MongoDB with URI: mongodb+srv://sct:****@lamp.add7ofy.mongodb.net/detour?retryWrites=true&w=majority&appName=lamp","service":"detour-backend","timestamp":"2026-07-01 02:03:57"}
{"level":"info","message":"Server started on port 5000 in development mode","service":"detour-backend","timestamp":"2026-07-01 02:03:58"}
{"level":"info","message":"Listening on http://0.0.0.0:5000","service":"detour-backend","timestamp":"2026-07-01 02:03:58"}
{"level":"info","message":"MongoDB Connected","service":"detour-backend","timestamp":"2026-07-01 02:03:59"}
{"level":"info","message":"Connected to Database: detour","service":"detour-backend","timestamp":"2026-07-01 02:03:59"}
{"level":"info","message":"POST /api/auth/login","service":"detour-backend","timestamp":"2026-07-01 02:04:46"}
{"level":"error","message":"💥 ERROR: next is not a function","service":"detour-backend","stack":"TypeError: next is not a function\n    at AuthController.login (C:\\Users\\sibar\\Desktop\\detour.ma\\detour\\backend\\controllers\\authController.js:48:13)\n    at process.processTicksAndRejections (node:internal/process/task_queues:95:5)","status":"error","statusCode":500,"timestamp":"2026-07-01 02:04:46"}
{"level":"info","message":"Attempting to connect to MongoDB with URI: mongodb+srv://sct:****@lamp.add7ofy.mongodb.net/detour?retryWrites=true&w=majority&appName=lamp","service":"detour-backend","timestamp":"2026-07-01 02:05:24"}
{"level":"info","message":"Server started on port 5000 in development mode","service":"detour-backend","timestamp":"2026-07-01 02:05:25"}
{"level":"info","message":"Listening on http://0.0.0.0:5000","service":"detour-backend","timestamp":"2026-07-01 02:05:25"}
{"level":"info","message":"MongoDB Connected","service":"detour-backend","timestamp":"2026-07-01 02:05:25"}
{"level":"info","message":"Connected to Database: detour","service":"detour-backend","timestamp":"2026-07-01 02:05:25"}
{"level":"info","message":"POST /api/auth/login","service":"detour-backend","timestamp":"2026-07-01 02:05:31"}
{"level":"error","message":"💥 ERROR: next is not a function","service":"detour-backend","stack":"TypeError: next is not a function\n    at AuthController.login (C:\\Users\\sibar\\Desktop\\detour.ma\\detour\\backend\\controllers\\authController.js:48:13)\n    at process.processTicksAndRejections (node:internal/process/task_queues:95:5)","status":"error","statusCode":500,"timestamp":"2026-07-01 02:05:31"}
{"level":"info","message":"Attempting to connect to MongoDB with URI: mongodb+srv://sct:****@lamp.add7ofy.mongodb.net/detour?retryWrites=true&w=majority&appName=lamp","service":"detour-backend","timestamp":"2026-07-01 02:06:25"}
{"level":"info","message":"Server started on port 5000 in development mode","service":"detour-backend","timestamp":"2026-07-01 02:06:25"}
{"level":"info","message":"Listening on http://0.0.0.0:5000","service":"detour-backend","timestamp":"2026-07-01 02:06:25"}
{"level":"info","message":"MongoDB Connected","service":"detour-backend","timestamp":"2026-07-01 02:06:26"}
{"level":"info","message":"Connected to Database: detour","service":"detour-backend","timestamp":"2026-07-01 02:06:26"}
{"level":"info","message":"POST /api/auth/login","service":"detour-backend","timestamp":"2026-07-01 02:06:29"}
{"level":"error","message":"💥 ERROR: next is not a function","service":"detour-backend","stack":"TypeError: next is not a function\n    at AuthController.login (C:\\Users\\sibar\\Desktop\\detour.ma\\detour\\backend\\controllers\\authController.js:48:13)\n    at process.processTicksAndRejections (node:internal/process/task_queues:95:5)","status":"error","statusCode":500,"timestamp":"2026-07-01 02:06:29"}
{"level":"info","message":"Attempting to connect to MongoDB with URI: mongodb+srv://sct:****@lamp.add7ofy.mongodb.net/detour?retryWrites=true&w=majority&appName=lamp","service":"detour-backend","timestamp":"2026-07-01 02:06:54"}
{"level":"info","message":"Server started on port 5000 in development mode","service":"detour-backend","timestamp":"2026-07-01 02:06:54"}
{"level":"info","message":"Listening on http://0.0.0.0:5000","service":"detour-backend","timestamp":"2026-07-01 02:06:54"}
{"level":"info","message":"MongoDB Connected","service":"detour-backend","timestamp":"2026-07-01 02:06:55"}
{"level":"info","message":"Connected to Database: detour","service":"detour-backend","timestamp":"2026-07-01 02:06:55"}
{"level":"info","message":"POST /api/auth/login","service":"detour-backend","timestamp":"2026-07-01 02:07:17"}
{"level":"error","message":"💥 ERROR: AppError is not a constructor","service":"detour-backend","stack":"TypeError: AppError is not a constructor\n    at AuthService.login (C:\\Users\\sibar\\Desktop\\detour.ma\\detour\\backend\\services\\authService.js:114:19)\n    at process.processTicksAndRejections (node:internal/process/task_queues:95:5)\n    at async AuthController.login (C:\\Users\\sibar\\Desktop\\detour.ma\\detour\\backend\\controllers\\authController.js:34:37)","status":"error","statusCode":500,"timestamp":"2026-07-01 02:07:17"}
{"level":"info","message":"Attempting to connect to MongoDB with URI: mongodb+srv://sct:****@lamp.add7ofy.mongodb.net/detour?retryWrites=true&w=majority&appName=lamp","service":"detour-backend","timestamp":"2026-07-01 02:07:29"}
{"level":"info","message":"Server started on port 5000 in development mode","service":"detour-backend","timestamp":"2026-07-01 02:07:30"}
{"level":"info","message":"Listening on http://0.0.0.0:5000","service":"detour-backend","timestamp":"2026-07-01 02:07:30"}
{"level":"info","message":"MongoDB Connected","service":"detour-backend","timestamp":"2026-07-01 02:07:30"}
{"level":"info","message":"Connected to Database: detour","service":"detour-backend","timestamp":"2026-07-01 02:07:30"}
{"level":"info","message":"POST /api/auth/login","service":"detour-backend","timestamp":"2026-07-01 02:07:31"}
{"level":"error","message":"💥 ERROR: AppError is not a constructor","service":"detour-backend","stack":"TypeError: AppError is not a constructor\n    at AuthService.login (C:\\Users\\sibar\\Desktop\\detour.ma\\detour\\backend\\services\\authService.js:114:19)\n    at process.processTicksAndRejections (node:internal/process/task_queues:95:5)\n    at async AuthController.login (C:\\Users\\sibar\\Desktop\\detour.ma\\detour\\backend\\controllers\\authController.js:34:37)","status":"error","statusCode":500,"timestamp":"2026-07-01 02:07:32"}
{"level":"info","message":"Attempting to connect to MongoDB with URI: mongodb+srv://sct:****@lamp.add7ofy.mongodb.net/detour?retryWrites=true&w=majority&appName=lamp","service":"detour-backend","timestamp":"2026-07-01 02:08:07"}
{"level":"info","message":"Server started on port 5000 in development mode","service":"detour-backend","timestamp":"2026-07-01 02:08:07"}
{"level":"info","message":"Listening on http://0.0.0.0:5000","service":"detour-backend","timestamp":"2026-07-01 02:08:07"}
{"level":"info","message":"MongoDB Connected","service":"detour-backend","timestamp":"2026-07-01 02:08:08"}
{"level":"info","message":"Connected to Database: detour","service":"detour-backend","timestamp":"2026-07-01 02:08:08"}
{"level":"info","message":"POST /api/auth/login","service":"detour-backend","timestamp":"2026-07-01 02:08:24"}
{"0":"I","1":"n","10":"e","11":"d","12":"e","13":"n","14":"t","15":"i","16":"a","17":"l","18":"s","2":"v","3":"a","4":"l","5":"i","6":"d","7":" ","8":"C","9":"r","level":"warn","message":"⚠️ Warning:","service":"detour-backend","timestamp":"2026-07-01 02:08:24"}
{"level":"info","message":"Attempting to connect to MongoDB with URI: mongodb+srv://sct:****@lamp.add7ofy.mongodb.net/detour?retryWrites=true&w=majority&appName=lamp","service":"detour-backend","timestamp":"2026-07-01 02:08:51"}
{"level":"info","message":"Server started on port 5000 in development mode","service":"detour-backend","timestamp":"2026-07-01 02:08:52"}
{"level":"info","message":"Listening on http://0.0.0.0:5000","service":"detour-backend","timestamp":"2026-07-01 02:08:52"}
{"level":"info","message":"MongoDB Connected","service":"detour-backend","timestamp":"2026-07-01 02:08:53"}
{"level":"info","message":"Connected to Database: detour","service":"detour-backend","timestamp":"2026-07-01 02:08:53"}
{"level":"info","message":"POST /api/auth/login","service":"detour-backend","timestamp":"2026-07-01 02:08:55"}
{"0":"I","1":"n","10":"e","11":"d","12":"e","13":"n","14":"t","15":"i","16":"a","17":"l","18":"s","2":"v","3":"a","4":"l","5":"i","6":"d","7":" ","8":"C","9":"r","level":"warn","message":"⚠️ Warning:","service":"detour-backend","timestamp":"2026-07-01 02:08:55"}
{"level":"info","message":"POST /api/auth/login","service":"detour-backend","timestamp":"2026-07-01 02:08:58"}
{"0":"I","1":"n","10":"e","11":"d","12":"e","13":"n","14":"t","15":"i","16":"a","17":"l","18":"s","2":"v","3":"a","4":"l","5":"i","6":"d","7":" ","8":"C","9":"r","level":"warn","message":"⚠️ Warning:","service":"detour-backend","timestamp":"2026-07-01 02:08:58"}
{"0":"E","1":"x","10":"r","11":"o","12":"p","13":"e","14":"r","15":"t","16":"y","17":" ","18":"n","19":"a","2":"p","20":"m","21":"e","22":" ","23":"o","24":"r","25":" ","26":"'","27":"}","28":"'","29":" ","3":"e","30":"i","31":"n","32":" ","33":"J","34":"S","35":"O","36":"N","37":" ","38":"a","39":"t","4":"c","40":" ","41":"p","42":"o","43":"s","44":"i","45":"t","46":"i","47":"o","48":"n","49":" ","5":"t","50":"1","6":"e","7":"d","8":" ","9":"p","level":"warn","message":"⚠️ Warning:","service":"detour-backend","timestamp":"2026-07-01 02:09:18"}
{"level":"info","message":"POST /api/auth/login","service":"detour-backend","timestamp":"2026-07-01 02:09:26"}
{"0":"I","1":"n","10":"e","11":"d","12":"e","13":"n","14":"t","15":"i","16":"a","17":"l","18":"s","2":"v","3":"a","4":"l","5":"i","6":"d","7":" ","8":"C","9":"r","level":"warn","message":"⚠️ Warning:","service":"detour-backend","timestamp":"2026-07-01 02:09:26"}
{"level":"info","message":"Attempting to connect to MongoDB with URI: mongodb+srv://sct:****@lamp.add7ofy.mongodb.net/detour?retryWrites=true&w=majority&appName=lamp","service":"detour-backend","timestamp":"2026-07-01 02:09:49"}
{"level":"info","message":"Server started on port 5000 in development mode","service":"detour-backend","timestamp":"2026-07-01 02:09:50"}
{"level":"info","message":"Listening on http://0.0.0.0:5000","service":"detour-backend","timestamp":"2026-07-01 02:09:50"}
{"level":"info","message":"MongoDB Connected","service":"detour-backend","timestamp":"2026-07-01 02:09:51"}
{"level":"info","message":"Connected to Database: detour","service":"detour-backend","timestamp":"2026-07-01 02:09:51"}
{"level":"info","message":"POST /api/auth/login","service":"detour-backend","timestamp":"2026-07-01 02:10:47"}
{"level":"warn","message":"⚠️ Warning: Invalid Credentials","service":"detour-backend","timestamp":"2026-07-01 02:10:47"}
{"level":"info","message":"POST /api/auth/login","service":"detour-backend","timestamp":"2026-07-01 02:10:54"}
{"level":"warn","message":"⚠️ Warning: Invalid Credentials","service":"detour-backend","timestamp":"2026-07-01 02:10:54"}
{"level":"info","message":"POST /api/auth/login","service":"detour-backend","timestamp":"2026-07-01 02:10:57"}
{"level":"warn","message":"⚠️ Warning: Invalid Credentials","service":"detour-backend","timestamp":"2026-07-01 02:10:57"}
{"level":"info","message":"POST /api/auth/login","service":"detour-backend","timestamp":"2026-07-01 02:11:23"}
{"level":"warn","message":"⚠️ Warning: Invalid Credentials","service":"detour-backend","timestamp":"2026-07-01 02:11:23"}
{"level":"info","message":"POST /api/auth/login","service":"detour-backend","timestamp":"2026-07-01 02:11:41"}
{"level":"warn","message":"⚠️ Warning: Invalid Credentials","service":"detour-backend","timestamp":"2026-07-01 02:11:41"}
{"level":"info","message":"POST /api/auth/login","service":"detour-backend","timestamp":"2026-07-01 02:11:47"}
{"error":{"status":"error","statusCode":500},"level":"error","message":"💥 ERROR: AppError is not a constructor","service":"detour-backend","stack":"TypeError: AppError is not a constructor\n    at Object.handler (C:\\Users\\sibar\\Desktop\\detour.ma\\detour\\backend\\middleware\\rateLimiter.js:9:14)\n    at C:\\Users\\sibar\\Desktop\\detour.ma\\detour\\backend\\node_modules\\express-rate-limit\\dist\\index.cjs:996:16\n    at process.processTicksAndRejections (node:internal/process/task_queues:95:5)\n    at async C:\\Users\\sibar\\Desktop\\detour.ma\\detour\\backend\\node_modules\\express-rate-limit\\dist\\index.cjs:854:5","timestamp":"2026-07-01 02:11:47"}
{"level":"info","message":"POST /api/auth/login","service":"detour-backend","timestamp":"2026-07-01 02:11:51"}
{"error":{"status":"error","statusCode":500},"level":"error","message":"💥 ERROR: AppError is not a constructor","service":"detour-backend","stack":"TypeError: AppError is not a constructor\n    at Object.handler (C:\\Users\\sibar\\Desktop\\detour.ma\\detour\\backend\\middleware\\rateLimiter.js:9:14)\n    at C:\\Users\\sibar\\Desktop\\detour.ma\\detour\\backend\\node_modules\\express-rate-limit\\dist\\index.cjs:996:16\n    at process.processTicksAndRejections (node:internal/process/task_queues:95:5)\n    at async C:\\Users\\sibar\\Desktop\\detour.ma\\detour\\backend\\node_modules\\express-rate-limit\\dist\\index.cjs:854:5","timestamp":"2026-07-01 02:11:51"}
{"level":"info","message":"POST /api/auth/login","service":"detour-backend","timestamp":"2026-07-01 02:11:58"}
{"error":{"status":"error","statusCode":500},"level":"error","message":"💥 ERROR: AppError is not a constructor","service":"detour-backend","stack":"TypeError: AppError is not a constructor\n    at Object.handler (C:\\Users\\sibar\\Desktop\\detour.ma\\detour\\backend\\middleware\\rateLimiter.js:9:14)\n    at C:\\Users\\sibar\\Desktop\\detour.ma\\detour\\backend\\node_modules\\express-rate-limit\\dist\\index.cjs:996:16\n    at process.processTicksAndRejections (node:internal/process/task_queues:95:5)\n    at async C:\\Users\\sibar\\Desktop\\detour.ma\\detour\\backend\\node_modules\\express-rate-limit\\dist\\index.cjs:854:5","timestamp":"2026-07-01 02:11:58"}
{"level":"info","message":"POST /api/auth/login","service":"detour-backend","timestamp":"2026-07-01 02:11:59"}
{"error":{"status":"error","statusCode":500},"level":"error","message":"💥 ERROR: AppError is not a constructor","service":"detour-backend","stack":"TypeError: AppError is not a constructor\n    at Object.handler (C:\\Users\\sibar\\Desktop\\detour.ma\\detour\\backend\\middleware\\rateLimiter.js:9:14)\n    at C:\\Users\\sibar\\Desktop\\detour.ma\\detour\\backend\\node_modules\\express-rate-limit\\dist\\index.cjs:996:16\n    at process.processTicksAndRejections (node:internal/process/task_queues:95:5)\n    at async C:\\Users\\sibar\\Desktop\\detour.ma\\detour\\backend\\node_modules\\express-rate-limit\\dist\\index.cjs:854:5","timestamp":"2026-07-01 02:11:59"}
{"level":"info","message":"Attempting to connect to MongoDB with URI: mongodb+srv://sct:****@lamp.add7ofy.mongodb.net/detour?retryWrites=true&w=majority&appName=lamp","service":"detour-backend","timestamp":"2026-07-01 02:12:43"}
{"level":"info","message":"Server started on port 5000 in development mode","service":"detour-backend","timestamp":"2026-07-01 02:12:43"}
{"level":"info","message":"Listening on http://0.0.0.0:5000","service":"detour-backend","timestamp":"2026-07-01 02:12:43"}
{"level":"info","message":"MongoDB Connected","service":"detour-backend","timestamp":"2026-07-01 02:12:44"}
{"level":"info","message":"Connected to Database: detour","service":"detour-backend","timestamp":"2026-07-01 02:12:44"}
{"level":"info","message":"POST /api/auth/login","service":"detour-backend","timestamp":"2026-07-01 02:13:15"}
{"level":"warn","message":"⚠️ Warning: Invalid Credentials","service":"detour-backend","timestamp":"2026-07-01 02:13:15"}
{"level":"info","message":"POST /api/auth/login","service":"detour-backend","timestamp":"2026-07-01 02:13:28"}
{"level":"warn","message":"⚠️ Warning: Invalid Credentials","service":"detour-backend","timestamp":"2026-07-01 02:13:28"}
{"level":"info","message":"POST /api/auth/login","service":"detour-backend","timestamp":"2026-07-01 02:14:15"}
{"level":"warn","message":"⚠️ Warning: Invalid Credentials","service":"detour-backend","timestamp":"2026-07-01 02:14:15"}
{"level":"info","message":"POST /api/auth/login","service":"detour-backend","timestamp":"2026-07-01 02:14:23"}
{"level":"warn","message":"⚠️ Warning: Invalid Credentials","service":"detour-backend","timestamp":"2026-07-01 02:14:23"}
{"level":"info","message":"POST /api/auth/login","service":"detour-backend","timestamp":"2026-07-01 02:14:36"}
{"level":"warn","message":"⚠️ Warning: Invalid Credentials","service":"detour-backend","timestamp":"2026-07-01 02:14:36"}
{"level":"info","message":"POST /api/auth/login","service":"detour-backend","timestamp":"2026-07-01 02:14:40"}
{"level":"warn","message":"⚠️ Warning: Too many authentication attempts. Please try again later.","service":"detour-backend","timestamp":"2026-07-01 02:14:40"}
{"level":"info","message":"POST /api/auth/login","service":"detour-backend","timestamp":"2026-07-01 02:14:42"}
{"level":"warn","message":"⚠️ Warning: Too many authentication attempts. Please try again later.","service":"detour-backend","timestamp":"2026-07-01 02:14:42"}
{"level":"info","message":"POST /api/auth/signup","service":"detour-backend","timestamp":"2026-07-01 02:21:06"}
{"level":"warn","message":"⚠️ Warning: Too many authentication attempts. Please try again later.","service":"detour-backend","timestamp":"2026-07-01 02:21:06"}
{"level":"info","message":"POST /api/auth/signup","service":"detour-backend","timestamp":"2026-07-01 02:21:14"}
{"level":"warn","message":"⚠️ Warning: Too many authentication attempts. Please try again later.","service":"detour-backend","timestamp":"2026-07-01 02:21:14"}
{"level":"info","message":"Attempting to connect to MongoDB with URI: mongodb+srv://sct:****@lamp.add7ofy.mongodb.net/detour?retryWrites=true&w=majority&appName=lamp","service":"detour-backend","timestamp":"2026-07-01 02:21:35"}
{"level":"info","message":"Server started on port 5000 in development mode","service":"detour-backend","timestamp":"2026-07-01 02:21:36"}
{"level":"info","message":"Listening on http://0.0.0.0:5000","service":"detour-backend","timestamp":"2026-07-01 02:21:36"}
{"level":"info","message":"MongoDB Connected","service":"detour-backend","timestamp":"2026-07-01 02:21:36"}
{"level":"info","message":"Connected to Database: detour","service":"detour-backend","timestamp":"2026-07-01 02:21:36"}
{"level":"info","message":"POST /api/auth/signup","service":"detour-backend","timestamp":"2026-07-01 02:21:37"}
{"error":{"status":"error","statusCode":500},"level":"error","message":"💥 ERROR: next is not a function","service":"detour-backend","stack":"TypeError: next is not a function\n    at model.<anonymous> (C:\\Users\\sibar\\Desktop\\detour.ma\\detour\\backend\\models\\User.js:159:5)\n    at Kareem.execPre (C:\\Users\\sibar\\Desktop\\detour.ma\\detour\\backend\\node_modules\\kareem\\index.js:68:39)\n    at async model.$__save (C:\\Users\\sibar\\Desktop\\detour.ma\\detour\\backend\\node_modules\\mongoose\\lib\\model.js:371:5)\n    at async model.save (C:\\Users\\sibar\\Desktop\\detour.ma\\detour\\backend\\node_modules\\mongoose\\lib\\model.js:614:5)\n    at async UserRepository.create (C:\\Users\\sibar\\Desktop\\detour.ma\\detour\\backend\\repositories\\BaseRepository.js:8:16)\n    at async AuthService.signup (C:\\Users\\sibar\\Desktop\\detour.ma\\detour\\backend\\services\\authService.js:25:16)\n    at async AuthController.signup (C:\\Users\\sibar\\Desktop\\detour.ma\\detour\\backend\\controllers\\authController.js:10:37)","timestamp":"2026-07-01 02:21:38"}
{"level":"info","message":"POST /api/auth/login","service":"detour-backend","timestamp":"2026-07-01 02:23:09"}
{"level":"warn","message":"⚠️ Warning: Invalid Credentials","service":"detour-backend","timestamp":"2026-07-01 02:23:09"}
{"level":"info","message":"POST /api/auth/login","service":"detour-backend","timestamp":"2026-07-01 02:23:16"}
{"level":"warn","message":"⚠️ Warning: Invalid Credentials","service":"detour-backend","timestamp":"2026-07-01 02:23:16"}
{"level":"info","message":"POST /api/auth/signup","service":"detour-backend","timestamp":"2026-07-01 02:23:46"}
{"error":{"status":"error","statusCode":500},"level":"error","message":"💥 ERROR: next is not a function","service":"detour-backend","stack":"TypeError: next is not a function\n    at model.<anonymous> (C:\\Users\\sibar\\Desktop\\detour.ma\\detour\\backend\\models\\User.js:159:5)\n    at Kareem.execPre (C:\\Users\\sibar\\Desktop\\detour.ma\\detour\\backend\\node_modules\\kareem\\index.js:68:39)\n    at async model.$__save (C:\\Users\\sibar\\Desktop\\detour.ma\\detour\\backend\\node_modules\\mongoose\\lib\\model.js:371:5)\n    at async model.save (C:\\Users\\sibar\\Desktop\\detour.ma\\detour\\backend\\node_modules\\mongoose\\lib\\model.js:614:5)\n    at async UserRepository.create (C:\\Users\\sibar\\Desktop\\detour.ma\\detour\\backend\\repositories\\BaseRepository.js:8:16)\n    at async AuthService.signup (C:\\Users\\sibar\\Desktop\\detour.ma\\detour\\backend\\services\\authService.js:25:16)\n    at async AuthController.signup (C:\\Users\\sibar\\Desktop\\detour.ma\\detour\\backend\\controllers\\authController.js:10:37)","timestamp":"2026-07-01 02:23:46"}
{"level":"info","message":"Attempting to connect to MongoDB with URI: mongodb+srv://sct:****@lamp.add7ofy.mongodb.net/detour?retryWrites=true&w=majority&appName=lamp","service":"detour-backend","timestamp":"2026-07-01 02:24:08"}
{"level":"info","message":"Server started on port 5000 in development mode","service":"detour-backend","timestamp":"2026-07-01 02:24:09"}
{"level":"info","message":"Listening on http://0.0.0.0:5000","service":"detour-backend","timestamp":"2026-07-01 02:24:09"}
{"level":"info","message":"MongoDB Connected","service":"detour-backend","timestamp":"2026-07-01 02:24:09"}
{"level":"info","message":"Connected to Database: detour","service":"detour-backend","timestamp":"2026-07-01 02:24:09"}
{"level":"info","message":"POST /api/auth/signup","service":"detour-backend","timestamp":"2026-07-01 02:24:16"}
{"error":{"status":"error","statusCode":500},"level":"error","message":"💥 ERROR: Route is not defined","service":"detour-backend","stack":"ReferenceError: Route is not defined\n    at AuthService.calculateOnboardingStatus (C:\\Users\\sibar\\Desktop\\detour.ma\\detour\\backend\\services\\authService.js:424:32)\n    at AuthService.signup (C:\\Users\\sibar\\Desktop\\detour.ma\\detour\\backend\\services\\authService.js:45:45)\n    at process.processTicksAndRejections (node:internal/process/task_queues:95:5)\n    at async AuthController.signup (C:\\Users\\sibar\\Desktop\\detour.ma\\detour\\backend\\controllers\\authController.js:10:37)","timestamp":"2026-07-01 02:24:16"}
{"level":"info","message":"Attempting to connect to MongoDB with URI: mongodb+srv://sct:****@lamp.add7ofy.mongodb.net/detour?retryWrites=true&w=majority&appName=lamp","service":"detour-backend","timestamp":"2026-07-01 02:26:52"}
{"level":"info","message":"Server started on port 5000 in development mode","service":"detour-backend","timestamp":"2026-07-01 02:26:53"}
{"level":"info","message":"Listening on http://0.0.0.0:5000","service":"detour-backend","timestamp":"2026-07-01 02:26:53"}
{"level":"info","message":"MongoDB Connected","service":"detour-backend","timestamp":"2026-07-01 02:26:54"}
{"level":"info","message":"Connected to Database: detour","service":"detour-backend","timestamp":"2026-07-01 02:26:54"}
{"level":"info","message":"POST /api/auth/signup","service":"detour-backend","timestamp":"2026-07-01 02:26:59"}
{"error":{"status":"error","statusCode":500},"level":"error","message":"💥 ERROR: placeRepository.count is not a function","service":"detour-backend","stack":"TypeError: placeRepository.count is not a function\n    at AuthService.calculateOnboardingStatus (C:\\Users\\sibar\\Desktop\\detour.ma\\detour\\backend\\services\\authService.js:426:55)\n    at process.processTicksAndRejections (node:internal/process/task_queues:95:5)\n    at async AuthService.signup (C:\\Users\\sibar\\Desktop\\detour.ma\\detour\\backend\\services\\authService.js:45:34)\n    at async AuthController.signup (C:\\Users\\sibar\\Desktop\\detour.ma\\detour\\backend\\controllers\\authController.js:10:37)","timestamp":"2026-07-01 02:26:59"}
{"level":"info","message":"Attempting to connect to MongoDB with URI: mongodb+srv://sct:****@lamp.add7ofy.mongodb.net/detour?retryWrites=true&w=majority&appName=lamp","service":"detour-backend","timestamp":"2026-07-01 02:27:31"}
{"level":"info","message":"Server started on port 5000 in development mode","service":"detour-backend","timestamp":"2026-07-01 02:27:32"}
{"level":"info","message":"Listening on http://0.0.0.0:5000","service":"detour-backend","timestamp":"2026-07-01 02:27:32"}
{"level":"info","message":"MongoDB Connected","service":"detour-backend","timestamp":"2026-07-01 02:27:32"}
{"level":"info","message":"Connected to Database: detour","service":"detour-backend","timestamp":"2026-07-01 02:27:32"}
{"level":"info","message":"POST /api/auth/signup","service":"detour-backend","timestamp":"2026-07-01 02:27:40"}
{"level":"info","message":"POST /api/auth/login","service":"detour-backend","timestamp":"2026-07-01 02:27:47"}
{"error":{"status":"error","statusCode":500},"level":"error","message":"💥 ERROR: placeRepository.find is not a function","service":"detour-backend","stack":"TypeError: placeRepository.find is not a function\n    at AuthService.login (C:\\Users\\sibar\\Desktop\\detour.ma\\detour\\backend\\services\\authService.js:123:51)\n    at async AuthController.login (C:\\Users\\sibar\\Desktop\\detour.ma\\detour\\backend\\controllers\\authController.js:34:37)","timestamp":"2026-07-01 02:27:48"}
{"level":"info","message":"POST /api/auth/login","service":"detour-backend","timestamp":"2026-07-01 02:28:08"}
{"error":{"status":"error","statusCode":500},"level":"error","message":"💥 ERROR: placeRepository.find is not a function","service":"detour-backend","stack":"TypeError: placeRepository.find is not a function\n    at AuthService.login (C:\\Users\\sibar\\Desktop\\detour.ma\\detour\\backend\\services\\authService.js:123:51)\n    at async AuthController.login (C:\\Users\\sibar\\Desktop\\detour.ma\\detour\\backend\\controllers\\authController.js:34:37)","timestamp":"2026-07-01 02:28:08"}
{"level":"info","message":"Attempting to connect to MongoDB with URI: mongodb+srv://sct:****@lamp.add7ofy.mongodb.net/detour?retryWrites=true&w=majority&appName=lamp","service":"detour-backend","timestamp":"2026-07-01 02:28:31"}
{"level":"info","message":"Server started on port 5000 in development mode","service":"detour-backend","timestamp":"2026-07-01 02:28:31"}
{"level":"info","message":"Listening on http://0.0.0.0:5000","service":"detour-backend","timestamp":"2026-07-01 02:28:31"}
{"level":"info","message":"MongoDB Connected","service":"detour-backend","timestamp":"2026-07-01 02:28:32"}
{"level":"info","message":"Connected to Database: detour","service":"detour-backend","timestamp":"2026-07-01 02:28:32"}
{"level":"info","message":"POST /api/auth/login","service":"detour-backend","timestamp":"2026-07-01 02:28:40"}
{"level":"info","message":"POST /api/auth/signup","service":"detour-backend","timestamp":"2026-07-01 02:29:31"}
{"level":"info","message":"GET /api/trip/requests/driver","service":"detour-backend","timestamp":"2026-07-01 02:29:32"}
{"level":"info","message":"GET /api/auth/me","service":"detour-backend","timestamp":"2026-07-01 02:29:32"}
{"error":{"status":"error","statusCode":500},"level":"error","message":"💥 ERROR: userRepository.findById(...).select is not a function","service":"detour-backend","stack":"TypeError: userRepository.findById(...).select is not a function\n    at AuthService.getUser (C:\\Users\\sibar\\Desktop\\detour.ma\\detour\\backend\\services\\authService.js:141:60)\n    at AuthController.getMe (C:\\Users\\sibar\\Desktop\\detour.ma\\detour\\backend\\controllers\\authController.js:124:44)\n    at C:\\Users\\sibar\\Desktop\\detour.ma\\detour\\backend\\routes\\auth.js:44:60\n    at Layer.handleRequest (C:\\Users\\sibar\\Desktop\\detour.ma\\detour\\backend\\node_modules\\router\\lib\\layer.js:152:17)\n    at next (C:\\Users\\sibar\\Desktop\\detour.ma\\detour\\backend\\node_modules\\router\\lib\\route.js:157:13)\n    at auth (C:\\Users\\sibar\\Desktop\\detour.ma\\detour\\backend\\middleware\\auth.js:19:9)\n    at Layer.handleRequest (C:\\Users\\sibar\\Desktop\\detour.ma\\detour\\backend\\node_modules\\router\\lib\\layer.js:152:17)\n    at next (C:\\Users\\sibar\\Desktop\\detour.ma\\detour\\backend\\node_modules\\router\\lib\\route.js:157:13)\n    at Route.dispatch (C:\\Users\\sibar\\Desktop\\detour.ma\\detour\\backend\\node_modules\\router\\lib\\route.js:117:3)\n    at handle (C:\\Users\\sibar\\Desktop\\detour.ma\\detour\\backend\\node_modules\\router\\index.js:435:11)","timestamp":"2026-07-01 02:29:32"}
{"level":"info","message":"GET /api/trip/requests/client","service":"detour-backend","timestamp":"2026-07-01 02:29:32"}
{"level":"info","message":"POST /api/auth/login","service":"detour-backend","timestamp":"2026-07-01 02:29:50"}
{"level":"warn","message":"⚠️ Warning: Invalid Credentials","service":"detour-backend","timestamp":"2026-07-01 02:29:50"}
{"level":"info","message":"POST /api/auth/login","service":"detour-backend","timestamp":"2026-07-01 02:29:52"}
{"level":"warn","message":"⚠️ Warning: Invalid Credentials","service":"detour-backend","timestamp":"2026-07-01 02:29:52"}
{"level":"info","message":"Attempting to connect to MongoDB with URI: mongodb+srv://sct:****@lamp.add7ofy.mongodb.net/detour?retryWrites=true&w=majority&appName=lamp","service":"detour-backend","timestamp":"2026-07-01 02:30:16"}
{"level":"info","message":"Server started on port 5000 in development mode","service":"detour-backend","timestamp":"2026-07-01 02:30:17"}
{"level":"info","message":"Listening on http://0.0.0.0:5000","service":"detour-backend","timestamp":"2026-07-01 02:30:17"}
{"level":"info","message":"MongoDB Connected","service":"detour-backend","timestamp":"2026-07-01 02:30:18"}
{"level":"info","message":"Connected to Database: detour","service":"detour-backend","timestamp":"2026-07-01 02:30:18"}
{"level":"info","message":"POST /api/auth/login","service":"detour-backend","timestamp":"2026-07-01 02:30:22"}
{"level":"warn","message":"⚠️ Warning: Invalid Credentials","service":"detour-backend","timestamp":"2026-07-01 02:30:22"}
{"level":"info","message":"POST /api/auth/signup","service":"detour-backend","timestamp":"2026-07-01 02:31:15"}
{"level":"info","message":"GET /api/trip/requests/driver","service":"detour-backend","timestamp":"2026-07-01 02:31:15"}
{"level":"info","message":"GET /api/auth/me","service":"detour-backend","timestamp":"2026-07-01 02:31:15"}
{"error":{"status":"error","statusCode":500},"level":"error","message":"💥 ERROR: userRepository.findById(...).select is not a function","service":"detour-backend","stack":"TypeError: userRepository.findById(...).select is not a function\n    at AuthService.getUser (C:\\Users\\sibar\\Desktop\\detour.ma\\detour\\backend\\services\\authService.js:141:60)\n    at AuthController.getMe (C:\\Users\\sibar\\Desktop\\detour.ma\\detour\\backend\\controllers\\authController.js:124:44)\n    at C:\\Users\\sibar\\Desktop\\detour.ma\\detour\\backend\\routes\\auth.js:44:60\n    at Layer.handleRequest (C:\\Users\\sibar\\Desktop\\detour.ma\\detour\\backend\\node_modules\\router\\lib\\layer.js:152:17)\n    at next (C:\\Users\\sibar\\Desktop\\detour.ma\\detour\\backend\\node_modules\\router\\lib\\route.js:157:13)\n    at auth (C:\\Users\\sibar\\Desktop\\detour.ma\\detour\\backend\\middleware\\auth.js:19:9)\n    at Layer.handleRequest (C:\\Users\\sibar\\Desktop\\detour.ma\\detour\\backend\\node_modules\\router\\lib\\layer.js:152:17)\n    at next (C:\\Users\\sibar\\Desktop\\detour.ma\\detour\\backend\\node_modules\\router\\lib\\route.js:157:13)\n    at Route.dispatch (C:\\Users\\sibar\\Desktop\\detour.ma\\detour\\backend\\node_modules\\router\\lib\\route.js:117:3)\n    at handle (C:\\Users\\sibar\\Desktop\\detour.ma\\detour\\backend\\node_modules\\router\\index.js:435:11)","timestamp":"2026-07-01 02:31:15"}
{"level":"info","message":"GET /api/trip/requests/client","service":"detour-backend","timestamp":"2026-07-01 02:31:15"}
{"level":"info","message":"GET /api/auth/me","service":"detour-backend","timestamp":"2026-07-01 02:53:29"}
{"level":"info","message":"POST /api/auth/login","service":"detour-backend","timestamp":"2026-07-01 02:53:39"}
{"level":"warn","message":"⚠️ Warning: Invalid Credentials","service":"detour-backend","timestamp":"2026-07-01 02:53:39"}
{"level":"info","message":"POST /api/auth/login","service":"detour-backend","timestamp":"2026-07-01 02:53:55"}
{"level":"warn","message":"⚠️ Warning: Invalid Credentials","service":"detour-backend","timestamp":"2026-07-01 02:53:55"}
{"level":"info","message":"POST /api/auth/login","service":"detour-backend","timestamp":"2026-07-01 02:54:01"}
{"level":"warn","message":"⚠️ Warning: Invalid Credentials","service":"detour-backend","timestamp":"2026-07-01 02:54:01"}
{"level":"info","message":"POST /api/auth/login","service":"detour-backend","timestamp":"2026-07-01 02:54:07"}
{"level":"warn","message":"⚠️ Warning: Invalid Credentials","service":"detour-backend","timestamp":"2026-07-01 02:54:07"}
{"level":"info","message":"POST /api/auth/login","service":"detour-backend","timestamp":"2026-07-01 02:54:12"}
{"level":"info","message":"GET /api/trip/requests/driver","service":"detour-backend","timestamp":"2026-07-01 02:54:12"}
{"level":"info","message":"GET /api/trip/requests/client","service":"detour-backend","timestamp":"2026-07-01 02:54:12"}
{"level":"info","message":"GET /api/auth/me","service":"detour-backend","timestamp":"2026-07-01 02:54:12"}
{"error":{"status":"error","statusCode":500},"level":"error","message":"💥 ERROR: userRepository.findById(...).select is not a function","service":"detour-backend","stack":"TypeError: userRepository.findById(...).select is not a function\n    at AuthService.getUser (C:\\Users\\sibar\\Desktop\\detour.ma\\detour\\backend\\services\\authService.js:141:60)\n    at AuthController.getMe (C:\\Users\\sibar\\Desktop\\detour.ma\\detour\\backend\\controllers\\authController.js:124:44)\n    at C:\\Users\\sibar\\Desktop\\detour.ma\\detour\\backend\\routes\\auth.js:44:60\n    at Layer.handleRequest (C:\\Users\\sibar\\Desktop\\detour.ma\\detour\\backend\\node_modules\\router\\lib\\layer.js:152:17)\n    at next (C:\\Users\\sibar\\Desktop\\detour.ma\\detour\\backend\\node_modules\\router\\lib\\route.js:157:13)\n    at auth (C:\\Users\\sibar\\Desktop\\detour.ma\\detour\\backend\\middleware\\auth.js:19:9)\n    at Layer.handleRequest (C:\\Users\\sibar\\Desktop\\detour.ma\\detour\\backend\\node_modules\\router\\lib\\layer.js:152:17)\n    at next (C:\\Users\\sibar\\Desktop\\detour.ma\\detour\\backend\\node_modules\\router\\lib\\route.js:157:13)\n    at Route.dispatch (C:\\Users\\sibar\\Desktop\\detour.ma\\detour\\backend\\node_modules\\router\\lib\\route.js:117:3)\n    at handle (C:\\Users\\sibar\\Desktop\\detour.ma\\detour\\backend\\node_modules\\router\\index.js:435:11)","timestamp":"2026-07-01 02:54:12"}
{"level":"info","message":"Attempting to connect to MongoDB with URI: mongodb+srv://sct:****@lamp.add7ofy.mongodb.net/detour?retryWrites=true&w=majority&appName=lamp","service":"detour-backend","timestamp":"2026-07-01 12:06:55"}
{"level":"info","message":"Server started on port 5000 in development mode","service":"detour-backend","timestamp":"2026-07-01 12:07:10"}
{"level":"info","message":"Listening on http://0.0.0.0:5000","service":"detour-backend","timestamp":"2026-07-01 12:07:10"}
{"level":"info","message":"MongoDB Connected","service":"detour-backend","timestamp":"2026-07-01 12:07:12"}
{"level":"info","message":"Connected to Database: detour","service":"detour-backend","timestamp":"2026-07-01 12:07:12"}
{"level":"info","message":"GET /api/trip/route","service":"detour-backend","timestamp":"2026-07-01 12:43:55"}
{"level":"info","message":"GET /api/trip/all","service":"detour-backend","timestamp":"2026-07-01 12:43:55"}
{"level":"info","message":"GET /api/trip/requests/client","service":"detour-backend","timestamp":"2026-07-01 12:43:55"}
{"level":"info","message":"GET /api/trip/requests/driver","service":"detour-backend","timestamp":"2026-07-01 12:43:55"}
{"level":"info","message":"GET /api/reclamations","service":"detour-backend","timestamp":"2026-07-01 12:43:55"}
{"level":"info","message":"GET /api/auth/me","service":"detour-backend","timestamp":"2026-07-01 12:43:55"}
{"level":"info","message":"POST /api/auth/login","service":"detour-backend","timestamp":"2026-07-01 12:44:14"}
{"level":"warn","message":"⚠️ Warning: Invalid Credentials","service":"detour-backend","timestamp":"2026-07-01 12:44:14"}
{"level":"info","message":"POST /api/auth/login","service":"detour-backend","timestamp":"2026-07-01 12:44:38"}
{"level":"info","message":"GET /api/trip/requests/driver","service":"detour-backend","timestamp":"2026-07-01 12:44:39"}
{"level":"info","message":"GET /api/trip/requests/client","service":"detour-backend","timestamp":"2026-07-01 12:44:39"}
{"level":"info","message":"GET /api/auth/me","service":"detour-backend","timestamp":"2026-07-01 12:44:39"}
{"error":{"status":"error","statusCode":500},"level":"error","message":"💥 ERROR: userRepository.findById(...).select is not a function","service":"detour-backend","stack":"TypeError: userRepository.findById(...).select is not a function\n    at AuthService.getUser (D:\\detour\\backend\\services\\authService.js:141:60)\n    at AuthController.getMe (D:\\detour\\backend\\controllers\\authController.js:124:44)\n    at D:\\detour\\backend\\routes\\auth.js:44:60\n    at Layer.handleRequest (D:\\detour\\backend\\node_modules\\router\\lib\\layer.js:152:17)\n    at next (D:\\detour\\backend\\node_modules\\router\\lib\\route.js:157:13)\n    at auth (D:\\detour\\backend\\middleware\\auth.js:19:9)\n    at Layer.handleRequest (D:\\detour\\backend\\node_modules\\router\\lib\\layer.js:152:17)\n    at next (D:\\detour\\backend\\node_modules\\router\\lib\\route.js:157:13)\n    at Route.dispatch (D:\\detour\\backend\\node_modules\\router\\lib\\route.js:117:3)\n    at handle (D:\\detour\\backend\\node_modules\\router\\index.js:435:11)","timestamp":"2026-07-01 12:44:39"}
{"level":"info","message":"POST /api/auth/login","service":"detour-backend","timestamp":"2026-07-01 12:49:48"}
{"level":"warn","message":"⚠️ Warning: Invalid Credentials","service":"detour-backend","timestamp":"2026-07-01 12:49:48"}
{"level":"info","message":"POST /api/auth/login","service":"detour-backend","timestamp":"2026-07-01 12:50:03"}
{"level":"info","message":"GET /api/trip/requests/driver","service":"detour-backend","timestamp":"2026-07-01 12:50:04"}
{"level":"info","message":"GET /api/trip/requests/client","service":"detour-backend","timestamp":"2026-07-01 12:50:04"}
{"level":"info","message":"GET /api/auth/me","service":"detour-backend","timestamp":"2026-07-01 12:50:04"}
{"error":{"status":"error","statusCode":500},"level":"error","message":"💥 ERROR: userRepository.findById(...).select is not a function","service":"detour-backend","stack":"TypeError: userRepository.findById(...).select is not a function\n    at AuthService.getUser (D:\\detour\\backend\\services\\authService.js:141:60)\n    at AuthController.getMe (D:\\detour\\backend\\controllers\\authController.js:124:44)\n    at D:\\detour\\backend\\routes\\auth.js:44:60\n    at Layer.handleRequest (D:\\detour\\backend\\node_modules\\router\\lib\\layer.js:152:17)\n    at next (D:\\detour\\backend\\node_modules\\router\\lib\\route.js:157:13)\n    at auth (D:\\detour\\backend\\middleware\\auth.js:19:9)\n    at Layer.handleRequest (D:\\detour\\backend\\node_modules\\router\\lib\\layer.js:152:17)\n    at next (D:\\detour\\backend\\node_modules\\router\\lib\\route.js:157:13)\n    at Route.dispatch (D:\\detour\\backend\\node_modules\\router\\lib\\route.js:117:3)\n    at handle (D:\\detour\\backend\\node_modules\\router\\index.js:435:11)","timestamp":"2026-07-01 12:50:04"}
{"level":"info","message":"POST /api/auth/login","service":"detour-backend","timestamp":"2026-07-01 12:52:45"}
{"level":"info","message":"GET /api/trip/requests/driver","service":"detour-backend","timestamp":"2026-07-01 12:52:46"}
{"level":"info","message":"GET /api/trip/requests/client","service":"detour-backend","timestamp":"2026-07-01 12:52:46"}
{"level":"info","message":"GET /api/auth/me","service":"detour-backend","timestamp":"2026-07-01 12:52:46"}
{"error":{"status":"error","statusCode":500},"level":"error","message":"💥 ERROR: userRepository.findById(...).select is not a function","service":"detour-backend","stack":"TypeError: userRepository.findById(...).select is not a function\n    at AuthService.getUser (D:\\detour\\backend\\services\\authService.js:141:60)\n    at AuthController.getMe (D:\\detour\\backend\\controllers\\authController.js:124:44)\n    at D:\\detour\\backend\\routes\\auth.js:44:60\n    at Layer.handleRequest (D:\\detour\\backend\\node_modules\\router\\lib\\layer.js:152:17)\n    at next (D:\\detour\\backend\\node_modules\\router\\lib\\route.js:157:13)\n    at auth (D:\\detour\\backend\\middleware\\auth.js:19:9)\n    at Layer.handleRequest (D:\\detour\\backend\\node_modules\\router\\lib\\layer.js:152:17)\n    at next (D:\\detour\\backend\\node_modules\\router\\lib\\route.js:157:13)\n    at Route.dispatch (D:\\detour\\backend\\node_modules\\router\\lib\\route.js:117:3)\n    at handle (D:\\detour\\backend\\node_modules\\router\\index.js:435:11)","timestamp":"2026-07-01 12:52:46"}
{"level":"info","message":"POST /api/auth/login","service":"detour-backend","timestamp":"2026-07-01 12:53:35"}
{"level":"warn","message":"⚠️ Warning: Too many authentication attempts. Please try again later.","service":"detour-backend","timestamp":"2026-07-01 12:53:35"}
{"level":"info","message":"POST /api/auth/login","service":"detour-backend","timestamp":"2026-07-01 12:53:51"}
{"level":"warn","message":"⚠️ Warning: Too many authentication attempts. Please try again later.","service":"detour-backend","timestamp":"2026-07-01 12:53:51"}
{"level":"info","message":"POST /api/auth/login","service":"detour-backend","timestamp":"2026-07-01 12:54:12"}
{"level":"warn","message":"⚠️ Warning: Too many authentication attempts. Please try again later.","service":"detour-backend","timestamp":"2026-07-01 12:54:12"}
{"level":"info","message":"POST /api/auth/login","service":"detour-backend","timestamp":"2026-07-01 12:54:18"}
{"level":"warn","message":"⚠️ Warning: Too many authentication attempts. Please try again later.","service":"detour-backend","timestamp":"2026-07-01 12:54:18"}
{"level":"info","message":"POST /api/auth/login","service":"detour-backend","timestamp":"2026-07-01 12:54:27"}
{"level":"warn","message":"⚠️ Warning: Too many authentication attempts. Please try again later.","service":"detour-backend","timestamp":"2026-07-01 12:54:27"}
{"level":"info","message":"POST /api/auth/login","service":"detour-backend","timestamp":"2026-07-01 12:54:28"}
{"level":"warn","message":"⚠️ Warning: Too many authentication attempts. Please try again later.","service":"detour-backend","timestamp":"2026-07-01 12:54:28"}
{"level":"info","message":"GET /api/trip/route","service":"detour-backend","timestamp":"2026-07-01 12:54:48"}
{"level":"info","message":"GET /api/trip/all","service":"detour-backend","timestamp":"2026-07-01 12:54:48"}
{"level":"info","message":"GET /api/trip/requests/client","service":"detour-backend","timestamp":"2026-07-01 12:54:48"}
{"level":"info","message":"GET /api/trip/requests/driver","service":"detour-backend","timestamp":"2026-07-01 12:54:48"}
{"level":"info","message":"GET /api/reclamations","service":"detour-backend","timestamp":"2026-07-01 12:54:48"}
{"level":"info","message":"GET /api/auth/me","service":"detour-backend","timestamp":"2026-07-01 12:54:48"}
{"level":"info","message":"POST /api/auth/login","service":"detour-backend","timestamp":"2026-07-01 12:55:08"}
{"level":"warn","message":"⚠️ Warning: Too many authentication attempts. Please try again later.","service":"detour-backend","timestamp":"2026-07-01 12:55:08"}
{"level":"info","message":"POST /api/auth/login","service":"detour-backend","timestamp":"2026-07-01 12:55:21"}
{"level":"warn","message":"⚠️ Warning: Too many authentication attempts. Please try again later.","service":"detour-backend","timestamp":"2026-07-01 12:55:21"}
{"level":"info","message":"POST /api/auth/login","service":"detour-backend","timestamp":"2026-07-01 12:58:06"}
{"level":"warn","message":"⚠️ Warning: Too many authentication attempts. Please try again later.","service":"detour-backend","timestamp":"2026-07-01 12:58:06"}
{"level":"info","message":"GET /api/trip/route","service":"detour-backend","timestamp":"2026-07-01 12:58:26"}
{"level":"info","message":"GET /api/trip/all","service":"detour-backend","timestamp":"2026-07-01 12:58:26"}
{"level":"info","message":"GET /api/trip/requests/client","service":"detour-backend","timestamp":"2026-07-01 12:58:26"}
{"level":"info","message":"GET /api/trip/requests/driver","service":"detour-backend","timestamp":"2026-07-01 12:58:26"}
{"level":"info","message":"GET /api/reclamations","service":"detour-backend","timestamp":"2026-07-01 12:58:26"}
{"level":"info","message":"GET /api/auth/me","service":"detour-backend","timestamp":"2026-07-01 12:58:26"}
{"level":"info","message":"POST /api/auth/login","service":"detour-backend","timestamp":"2026-07-01 12:58:44"}
{"level":"warn","message":"⚠️ Warning: Too many authentication attempts. Please try again later.","service":"detour-backend","timestamp":"2026-07-01 12:58:44"}
{"level":"info","message":"GET /api/trip/route","service":"detour-backend","timestamp":"2026-07-01 12:59:31"}
{"level":"info","message":"GET /api/trip/all","service":"detour-backend","timestamp":"2026-07-01 12:59:31"}
{"level":"info","message":"GET /api/trip/requests/client","service":"detour-backend","timestamp":"2026-07-01 12:59:31"}
{"level":"info","message":"GET /api/trip/requests/driver","service":"detour-backend","timestamp":"2026-07-01 12:59:31"}
{"level":"info","message":"GET /api/reclamations","service":"detour-backend","timestamp":"2026-07-01 12:59:31"}
{"level":"info","message":"GET /api/auth/me","service":"detour-backend","timestamp":"2026-07-01 12:59:31"}
{"level":"info","message":"POST /api/auth/login","service":"detour-backend","timestamp":"2026-07-01 12:59:54"}
{"level":"info","message":"GET /api/trip/requests/driver","service":"detour-backend","timestamp":"2026-07-01 12:59:55"}
{"level":"info","message":"GET /api/trip/requests/client","service":"detour-backend","timestamp":"2026-07-01 12:59:55"}
{"level":"info","message":"GET /api/auth/me","service":"detour-backend","timestamp":"2026-07-01 12:59:55"}
{"error":{"status":"error","statusCode":500},"level":"error","message":"💥 ERROR: userRepository.findById(...).select is not a function","service":"detour-backend","stack":"TypeError: userRepository.findById(...).select is not a function\n    at AuthService.getUser (D:\\detour\\backend\\services\\authService.js:141:60)\n    at AuthController.getMe (D:\\detour\\backend\\controllers\\authController.js:124:44)\n    at D:\\detour\\backend\\routes\\auth.js:44:60\n    at Layer.handleRequest (D:\\detour\\backend\\node_modules\\router\\lib\\layer.js:152:17)\n    at next (D:\\detour\\backend\\node_modules\\router\\lib\\route.js:157:13)\n    at auth (D:\\detour\\backend\\middleware\\auth.js:19:9)\n    at Layer.handleRequest (D:\\detour\\backend\\node_modules\\router\\lib\\layer.js:152:17)\n    at next (D:\\detour\\backend\\node_modules\\router\\lib\\route.js:157:13)\n    at Route.dispatch (D:\\detour\\backend\\node_modules\\router\\lib\\route.js:117:3)\n    at handle (D:\\detour\\backend\\node_modules\\router\\index.js:435:11)","timestamp":"2026-07-01 12:59:55"}
{"level":"info","message":"Attempting to connect to MongoDB with URI: mongodb+srv://sct:****@lamp.add7ofy.mongodb.net/detour?retryWrites=true&w=majority&appName=lamp","service":"detour-backend","timestamp":"2026-07-01 13:03:54"}
{"level":"info","message":"Server started on port 5000 in development mode","service":"detour-backend","timestamp":"2026-07-01 13:03:55"}
{"level":"info","message":"Listening on http://0.0.0.0:5000","service":"detour-backend","timestamp":"2026-07-01 13:03:55"}
{"level":"info","message":"MongoDB Connected","service":"detour-backend","timestamp":"2026-07-01 13:03:57"}
{"level":"info","message":"Connected to Database: detour","service":"detour-backend","timestamp":"2026-07-01 13:03:57"}
{"level":"info","message":"GET /api/trip/route","service":"detour-backend","timestamp":"2026-07-01 13:07:26"}
{"level":"info","message":"GET /api/trip/all","service":"detour-backend","timestamp":"2026-07-01 13:07:26"}
{"level":"info","message":"GET /api/trip/requests/client","service":"detour-backend","timestamp":"2026-07-01 13:07:26"}
{"level":"info","message":"GET /api/trip/requests/driver","service":"detour-backend","timestamp":"2026-07-01 13:07:26"}
{"level":"info","message":"GET /api/reclamations","service":"detour-backend","timestamp":"2026-07-01 13:07:26"}
{"level":"info","message":"GET /api/auth/me","service":"detour-backend","timestamp":"2026-07-01 13:07:26"}
{"level":"info","message":"POST /api/auth/login","service":"detour-backend","timestamp":"2026-07-01 13:07:44"}
{"level":"info","message":"GET /api/trip/requests/driver","service":"detour-backend","timestamp":"2026-07-01 13:07:45"}
{"level":"info","message":"GET /api/trip/requests/client","service":"detour-backend","timestamp":"2026-07-01 13:07:45"}
{"level":"info","message":"GET /api/auth/me","service":"detour-backend","timestamp":"2026-07-01 13:07:45"}
{"level":"info","message":"GET /api/reclamations","service":"detour-backend","timestamp":"2026-07-01 13:07:54"}
{"level":"info","message":"GET /api/places","service":"detour-backend","timestamp":"2026-07-01 13:07:55"}
{"level":"info","message":"GET /api/trip/route","service":"detour-backend","timestamp":"2026-07-01 13:07:55"}
{"level":"info","message":"GET /api/trip/all","service":"detour-backend","timestamp":"2026-07-01 13:07:55"}
{"level":"info","message":"GET /api/places","service":"detour-backend","timestamp":"2026-07-01 13:08:38"}
{"level":"info","message":"POST /api/trip/route","service":"detour-backend","timestamp":"2026-07-01 13:09:07"}
{"level":"info","message":"GET /api/trip/route","service":"detour-backend","timestamp":"2026-07-01 13:09:09"}
{"level":"info","message":"GET /api/trip/requests/driver","service":"detour-backend","timestamp":"2026-07-01 13:09:17"}
{"level":"info","message":"GET /api/trip/requests/client","service":"detour-backend","timestamp":"2026-07-01 13:09:17"}
{"level":"info","message":"GET /api/places","service":"detour-backend","timestamp":"2026-07-01 13:09:18"}
{"level":"info","message":"GET /api/reclamations","service":"detour-backend","timestamp":"2026-07-01 13:09:18"}
{"level":"info","message":"GET /api/trip/all","service":"detour-backend","timestamp":"2026-07-01 13:09:18"}
{"level":"info","message":"POST /api/places","service":"detour-backend","timestamp":"2026-07-01 13:09:31"}
{"error":{"status":"error","statusCode":500},"level":"error","message":"💥 ERROR: next is not a function","service":"detour-backend","stack":"TypeError: next is not a function\n    at PlaceController.addPlace (D:\\detour\\backend\\controllers\\placeController.js:20:13)\n    at process.processTicksAndRejections (node:internal/process/task_queues:105:5)","timestamp":"2026-07-01 13:09:31"}
{"level":"info","message":"POST /api/places","service":"detour-backend","timestamp":"2026-07-01 13:09:33"}
{"error":{"status":"error","statusCode":500},"level":"error","message":"💥 ERROR: next is not a function","service":"detour-backend","stack":"TypeError: next is not a function\n    at PlaceController.addPlace (D:\\detour\\backend\\controllers\\placeController.js:20:13)\n    at process.processTicksAndRejections (node:internal/process/task_queues:105:5)","timestamp":"2026-07-01 13:09:33"}
{"level":"info","message":"POST /api/places","service":"detour-backend","timestamp":"2026-07-01 13:09:35"}
{"error":{"status":"error","statusCode":500},"level":"error","message":"💥 ERROR: next is not a function","service":"detour-backend","stack":"TypeError: next is not a function\n    at PlaceController.addPlace (D:\\detour\\backend\\controllers\\placeController.js:20:13)\n    at process.processTicksAndRejections (node:internal/process/task_queues:105:5)","timestamp":"2026-07-01 13:09:35"}
{"level":"info","message":"GET /api/auth/me","service":"detour-backend","timestamp":"2026-07-01 13:09:41"}
{"level":"info","message":"GET /api/places","service":"detour-backend","timestamp":"2026-07-01 13:09:42"}
{"level":"info","message":"GET /api/reclamations","service":"detour-backend","timestamp":"2026-07-01 13:10:32"}
{"level":"info","message":"GET /api/reclamations","service":"detour-backend","timestamp":"2026-07-01 13:10:32"}
{"level":"info","message":"GET /api/reclamations","service":"detour-backend","timestamp":"2026-07-01 13:10:41"}
{"level":"info","message":"DELETE /api/trip/route/6a450363c54dfdb32127f00d","service":"detour-backend","timestamp":"2026-07-01 13:11:06"}
{"level":"info","message":"GET /api/trip/route","service":"detour-backend","timestamp":"2026-07-01 13:11:07"}
{"level":"info","message":"GET /api/trip/route","service":"detour-backend","timestamp":"2026-07-01 13:11:29"}
{"level":"info","message":"GET /api/trip/all","service":"detour-backend","timestamp":"2026-07-01 13:11:29"}
{"level":"info","message":"GET /api/trip/requests/client","service":"detour-backend","timestamp":"2026-07-01 13:11:29"}
{"level":"info","message":"GET /api/trip/requests/driver","service":"detour-backend","timestamp":"2026-07-01 13:11:29"}
{"level":"info","message":"GET /api/reclamations","service":"detour-backend","timestamp":"2026-07-01 13:11:29"}
{"level":"info","message":"GET /api/auth/me","service":"detour-backend","timestamp":"2026-07-01 13:11:29"}
{"level":"info","message":"GET /api/places","service":"detour-backend","timestamp":"2026-07-01 13:11:30"}
{"level":"info","message":"POST /api/auth/login","service":"detour-backend","timestamp":"2026-07-01 13:11:49"}
{"level":"info","message":"GET /api/auth/me","service":"detour-backend","timestamp":"2026-07-01 13:11:49"}
{"level":"info","message":"GET /api/auth/me","service":"detour-backend","timestamp":"2026-07-01 13:11:53"}
{"level":"info","message":"GET /api/places","service":"detour-backend","timestamp":"2026-07-01 13:11:55"}
{"level":"info","message":"GET /api/auth/me","service":"detour-backend","timestamp":"2026-07-01 13:12:00"}
{"level":"info","message":"GET /api/transactions","service":"detour-backend","timestamp":"2026-07-01 13:12:05"}
{"level":"info","message":"GET /api/auth/me","service":"detour-backend","timestamp":"2026-07-01 13:12:05"}
{"level":"info","message":"GET /api/auth/me","service":"detour-backend","timestamp":"2026-07-01 13:12:06"}
{"level":"info","message":"GET /api/reclamations","service":"detour-backend","timestamp":"2026-07-01 13:12:08"}
{"level":"info","message":"GET /api/auth/me","service":"detour-backend","timestamp":"2026-07-01 13:12:08"}
{"level":"info","message":"GET /api/places","service":"detour-backend","timestamp":"2026-07-01 13:12:09"}
{"level":"info","message":"GET /api/auth/me","service":"detour-backend","timestamp":"2026-07-01 13:12:12"}
{"level":"info","message":"GET /api/places","service":"detour-backend","timestamp":"2026-07-01 13:12:14"}
{"level":"info","message":"GET /api/auth/me","service":"detour-backend","timestamp":"2026-07-01 13:12:16"}
{"level":"info","message":"GET /api/trip/requests/driver","service":"detour-backend","timestamp":"2026-07-01 13:12:34"}
{"level":"info","message":"GET /api/trip/requests/client","service":"detour-backend","timestamp":"2026-07-01 13:12:34"}
{"level":"info","message":"GET /api/places","service":"detour-backend","timestamp":"2026-07-01 13:12:34"}
{"level":"info","message":"GET /api/trip/route","service":"detour-backend","timestamp":"2026-07-01 13:12:34"}
{"level":"info","message":"GET /api/trip/all","service":"detour-backend","timestamp":"2026-07-01 13:12:34"}
{"level":"info","message":"GET /api/auth/me","service":"detour-backend","timestamp":"2026-07-01 13:12:36"}
{"level":"info","message":"Attempting to connect to MongoDB with URI: mongodb+srv://sct:****@lamp.add7ofy.mongodb.net/detour?retryWrites=true&w=majority&appName=lamp","service":"detour-backend","timestamp":"2026-07-01 16:06:05"}
{"level":"info","message":"Server started on port 5000 in development mode","service":"detour-backend","timestamp":"2026-07-01 16:06:17"}
{"level":"info","message":"Listening on http://0.0.0.0:5000","service":"detour-backend","timestamp":"2026-07-01 16:06:17"}
{"level":"info","message":"MongoDB Connected","service":"detour-backend","timestamp":"2026-07-01 16:06:18"}
{"level":"info","message":"Connected to Database: detour","service":"detour-backend","timestamp":"2026-07-01 16:06:18"}
{"level":"info","message":"GET /api/auth/me","service":"detour-backend","timestamp":"2026-07-01 16:08:49"}
{"level":"info","message":"POST /api/auth/login","service":"detour-backend","timestamp":"2026-07-01 16:10:27"}
{"level":"info","message":"GET /api/trip/requests/driver","service":"detour-backend","timestamp":"2026-07-01 16:10:27"}
{"level":"info","message":"GET /api/auth/me","service":"detour-backend","timestamp":"2026-07-01 16:10:27"}
{"level":"info","message":"GET /api/trip/requests/client","service":"detour-backend","timestamp":"2026-07-01 16:10:27"}
{"level":"info","message":"GET /api/transactions","service":"detour-backend","timestamp":"2026-07-01 16:10:32"}
{"level":"info","message":"GET /api/auth/me","service":"detour-backend","timestamp":"2026-07-01 16:10:32"}
{"level":"info","message":"GET /api/reclamations","service":"detour-backend","timestamp":"2026-07-01 16:10:34"}
{"level":"info","message":"GET /api/places","service":"detour-backend","timestamp":"2026-07-01 16:10:35"}
{"level":"info","message":"GET /api/trip/route","service":"detour-backend","timestamp":"2026-07-01 16:10:35"}
{"level":"info","message":"GET /api/trip/all","service":"detour-backend","timestamp":"2026-07-01 16:10:35"}
{"level":"info","message":"Attempting to connect to MongoDB with URI: mongodb+srv://sct:****@lamp.add7ofy.mongodb.net/detour?retryWrites=true&w=majority&appName=lamp","service":"detour-backend","timestamp":"2026-07-01 16:27:01"}
{"level":"info","message":"Server started on port 5000 in development mode","service":"detour-backend","timestamp":"2026-07-01 16:27:02"}
{"level":"info","message":"Listening on http://0.0.0.0:5000","service":"detour-backend","timestamp":"2026-07-01 16:27:02"}
{"level":"info","message":"MongoDB Connected","service":"detour-backend","timestamp":"2026-07-01 16:27:03"}
{"level":"info","message":"Connected to Database: detour","service":"detour-backend","timestamp":"2026-07-01 16:27:03"}
{"level":"info","message":"GET /api/trip/requests/client","service":"detour-backend","timestamp":"2026-07-01 16:27:04"}
{"level":"info","message":"GET /api/auth/me","service":"detour-backend","timestamp":"2026-07-01 16:30:18"}
{"level":"info","message":"GET /api/auth/me","service":"detour-backend","timestamp":"2026-07-01 16:30:18"}
{"level":"info","message":"GET /api/auth/me","service":"detour-backend","timestamp":"2026-07-01 16:30:18"}
{"level":"info","message":"GET /api/auth/me","service":"detour-backend","timestamp":"2026-07-01 16:30:33"}
{"level":"info","message":"GET /api/auth/me","service":"detour-backend","timestamp":"2026-07-01 16:30:33"}
{"level":"info","message":"GET /api/auth/me","service":"detour-backend","timestamp":"2026-07-01 16:30:33"}
{"level":"info","message":"GET /api/auth/me","service":"detour-backend","timestamp":"2026-07-01 16:37:49"}
{"level":"info","message":"GET /api/auth/me","service":"detour-backend","timestamp":"2026-07-01 16:38:52"}
{"level":"info","message":"POST /api/auth/login","service":"detour-backend","timestamp":"2026-07-01 16:39:45"}
{"level":"info","message":"GET /api/trip/requests/driver","service":"detour-backend","timestamp":"2026-07-01 16:39:45"}
{"level":"info","message":"GET /api/trip/requests/client","service":"detour-backend","timestamp":"2026-07-01 16:39:45"}
{"level":"info","message":"GET /api/auth/me","service":"detour-backend","timestamp":"2026-07-01 16:39:45"}
{"level":"info","message":"GET /api/trip/requests/driver","service":"detour-backend","timestamp":"2026-07-01 16:40:54"}
{"level":"info","message":"GET /api/reclamations","service":"detour-backend","timestamp":"2026-07-01 16:40:54"}
{"level":"info","message":"GET /api/trip/requests/client","service":"detour-backend","timestamp":"2026-07-01 16:40:54"}
{"level":"info","message":"GET /api/places","service":"detour-backend","timestamp":"2026-07-01 16:40:55"}
{"level":"info","message":"GET /api/trip/route","service":"detour-backend","timestamp":"2026-07-01 16:40:55"}
{"level":"info","message":"GET /api/trip/all","service":"detour-backend","timestamp":"2026-07-01 16:40:55"}
{"level":"info","message":"POST /api/trip/route","service":"detour-backend","timestamp":"2026-07-01 16:41:40"}
{"level":"info","message":"GET /api/trip/route","service":"detour-backend","timestamp":"2026-07-01 16:41:40"}
{"level":"info","message":"GET /api/auth/me","service":"detour-backend","timestamp":"2026-07-01 16:41:48"}
{"level":"info","message":"GET /api/places","service":"detour-backend","timestamp":"2026-07-01 16:41:49"}
{"level":"info","message":"GET /api/reclamations","service":"detour-backend","timestamp":"2026-07-01 16:42:02"}
{"level":"info","message":"Attempting to connect to MongoDB with URI: mongodb+srv://sct:****@lamp.add7ofy.mongodb.net/detour?retryWrites=true&w=majority&appName=lamp","service":"detour-backend","timestamp":"2026-07-01 16:47:17"}
{"level":"info","message":"Server started on port 5000 in development mode","service":"detour-backend","timestamp":"2026-07-01 16:47:17"}
{"level":"info","message":"Listening on http://0.0.0.0:5000","service":"detour-backend","timestamp":"2026-07-01 16:47:17"}
{"level":"info","message":"MongoDB Connected","service":"detour-backend","timestamp":"2026-07-01 16:47:18"}
{"level":"info","message":"Connected to Database: detour","service":"detour-backend","timestamp":"2026-07-01 16:47:18"}
{"level":"info","message":"GET /api/trip/requests/client","service":"detour-backend","timestamp":"2026-07-01 16:47:18"}
{"level":"info","message":"Attempting to connect to MongoDB with URI: mongodb+srv://sct:****@lamp.add7ofy.mongodb.net/detour?retryWrites=true&w=majority&appName=lamp","service":"detour-backend","timestamp":"2026-07-01 16:47:26"}
{"level":"info","message":"Server started on port 5000 in development mode","service":"detour-backend","timestamp":"2026-07-01 16:47:27"}
{"level":"info","message":"Listening on http://0.0.0.0:5000","service":"detour-backend","timestamp":"2026-07-01 16:47:27"}
{"level":"info","message":"GET /api/trip/requests/client","service":"detour-backend","timestamp":"2026-07-01 16:47:27"}
{"level":"info","message":"MongoDB Connected","service":"detour-backend","timestamp":"2026-07-01 16:47:27"}
{"level":"info","message":"Connected to Database: detour","service":"detour-backend","timestamp":"2026-07-01 16:47:27"}
{"level":"info","message":"Attempting to connect to MongoDB with URI: mongodb+srv://sct:****@lamp.add7ofy.mongodb.net/detour?retryWrites=true&w=majority&appName=lamp","service":"detour-backend","timestamp":"2026-07-01 16:47:47"}
{"level":"info","message":"Server started on port 5000 in development mode","service":"detour-backend","timestamp":"2026-07-01 16:47:48"}
{"level":"info","message":"Listening on http://0.0.0.0:5000","service":"detour-backend","timestamp":"2026-07-01 16:47:48"}
{"level":"info","message":"GET /api/trip/requests/client","service":"detour-backend","timestamp":"2026-07-01 16:47:48"}
{"level":"info","message":"Attempting to connect to MongoDB with URI: mongodb+srv://sct:****@lamp.add7ofy.mongodb.net/detour?retryWrites=true&w=majority&appName=lamp","service":"detour-backend","timestamp":"2026-07-01 16:47:49"}
{"level":"info","message":"Server started on port 5000 in development mode","service":"detour-backend","timestamp":"2026-07-01 16:47:50"}
{"level":"info","message":"Listening on http://0.0.0.0:5000","service":"detour-backend","timestamp":"2026-07-01 16:47:50"}
{"level":"info","message":"GET /api/trip/requests/client","service":"detour-backend","timestamp":"2026-07-01 16:47:50"}
{"level":"info","message":"GET /api/trip/requests/client","service":"detour-backend","timestamp":"2026-07-01 16:47:51"}
{"level":"info","message":"MongoDB Connected","service":"detour-backend","timestamp":"2026-07-01 16:47:51"}
{"level":"info","message":"Connected to Database: detour","service":"detour-backend","timestamp":"2026-07-01 16:47:51"}
{"level":"info","message":"Attempting to connect to MongoDB with URI: mongodb+srv://sct:****@lamp.add7ofy.mongodb.net/detour?retryWrites=true&w=majority&appName=lamp","service":"detour-backend","timestamp":"2026-07-01 16:48:03"}
{"level":"info","message":"Server started on port 5000 in development mode","service":"detour-backend","timestamp":"2026-07-01 16:48:04"}
{"level":"info","message":"Listening on http://0.0.0.0:5000","service":"detour-backend","timestamp":"2026-07-01 16:48:04"}
{"level":"info","message":"GET /api/trip/requests/client","service":"detour-backend","timestamp":"2026-07-01 16:48:04"}
{"level":"info","message":"MongoDB Connected","service":"detour-backend","timestamp":"2026-07-01 16:48:04"}
{"level":"info","message":"Connected to Database: detour","service":"detour-backend","timestamp":"2026-07-01 16:48:04"}
{"level":"info","message":"Attempting to connect to MongoDB with URI: mongodb+srv://sct:****@lamp.add7ofy.mongodb.net/detour?retryWrites=true&w=majority&appName=lamp","service":"detour-backend","timestamp":"2026-07-01 16:48:16"}
{"level":"info","message":"Server started on port 5000 in development mode","service":"detour-backend","timestamp":"2026-07-01 16:48:16"}
{"level":"info","message":"Listening on http://0.0.0.0:5000","service":"detour-backend","timestamp":"2026-07-01 16:48:16"}
{"level":"info","message":"GET /api/trip/requests/client","service":"detour-backend","timestamp":"2026-07-01 16:48:17"}
{"level":"info","message":"MongoDB Connected","service":"detour-backend","timestamp":"2026-07-01 16:48:17"}
{"level":"info","message":"Connected to Database: detour","service":"detour-backend","timestamp":"2026-07-01 16:48:17"}
{"level":"info","message":"Attempting to connect to MongoDB with URI: mongodb+srv://sct:****@lamp.add7ofy.mongodb.net/detour?retryWrites=true&w=majority&appName=lamp","service":"detour-backend","timestamp":"2026-07-01 16:48:38"}
{"level":"info","message":"Server started on port 5000 in development mode","service":"detour-backend","timestamp":"2026-07-01 16:48:39"}
{"level":"info","message":"Listening on http://0.0.0.0:5000","service":"detour-backend","timestamp":"2026-07-01 16:48:39"}
{"level":"info","message":"GET /api/trip/requests/client","service":"detour-backend","timestamp":"2026-07-01 16:48:39"}
{"level":"info","message":"MongoDB Connected","service":"detour-backend","timestamp":"2026-07-01 16:48:39"}
{"level":"info","message":"Connected to Database: detour","service":"detour-backend","timestamp":"2026-07-01 16:48:39"}
{"level":"info","message":"GET /api/trip/all","service":"detour-backend","timestamp":"2026-07-01 16:52:05"}
{"level":"info","message":"GET /api/trip/requests/client","service":"detour-backend","timestamp":"2026-07-01 16:52:05"}
{"level":"info","message":"GET /api/trip/route","service":"detour-backend","timestamp":"2026-07-01 16:52:05"}
{"level":"info","message":"GET /api/auth/me","service":"detour-backend","timestamp":"2026-07-01 16:52:25"}
{"level":"info","message":"GET /api/trip/requests/driver","service":"detour-backend","timestamp":"2026-07-01 16:52:25"}
{"level":"info","message":"GET /api/trip/requests/client","service":"detour-backend","timestamp":"2026-07-01 16:53:07"}
{"level":"info","message":"GET /api/trip/requests/driver","service":"detour-backend","timestamp":"2026-07-01 16:53:36"}
{"level":"info","message":"GET /api/trip/requests/driver","service":"detour-backend","timestamp":"2026-07-01 16:54:40"}
{"level":"info","message":"GET /api/trip/requests/client","service":"detour-backend","timestamp":"2026-07-01 16:54:40"}
{"level":"info","message":"GET /api/trip/requests/driver","service":"detour-backend","timestamp":"2026-07-01 16:56:00"}
{"level":"info","message":"GET /api/trip/requests/client","service":"detour-backend","timestamp":"2026-07-01 16:56:00"}
{"level":"info","message":"GET /api/auth/me","service":"detour-backend","timestamp":"2026-07-01 16:57:52"}
{"level":"info","message":"GET /api/auth/me","service":"detour-backend","timestamp":"2026-07-01 16:58:00"}
{"level":"info","message":"GET /api/auth/me","service":"detour-backend","timestamp":"2026-07-01 16:58:15"}
{"level":"info","message":"GET /api/auth/me","service":"detour-backend","timestamp":"2026-07-01 16:58:36"}
{"level":"info","message":"GET /api/auth/me","service":"detour-backend","timestamp":"2026-07-01 16:58:43"}
{"level":"info","message":"GET /api/auth/me","service":"detour-backend","timestamp":"2026-07-01 16:59:18"}
{"level":"info","message":"GET /api/auth/me","service":"detour-backend","timestamp":"2026-07-01 17:05:38"}
{"level":"info","message":"POST /api/auth/login","service":"detour-backend","timestamp":"2026-07-01 17:06:21"}
{"level":"info","message":"GET /api/trip/requests/client","service":"detour-backend","timestamp":"2026-07-01 17:06:22"}
{"level":"info","message":"GET /api/trip/requests/driver","service":"detour-backend","timestamp":"2026-07-01 17:06:22"}
{"level":"info","message":"GET /api/trip/route","service":"detour-backend","timestamp":"2026-07-01 17:06:22"}
{"level":"info","message":"GET /api/reclamations","service":"detour-backend","timestamp":"2026-07-01 17:06:22"}
{"level":"info","message":"GET /api/trip/all","service":"detour-backend","timestamp":"2026-07-01 17:06:22"}
{"level":"info","message":"GET /api/places","service":"detour-backend","timestamp":"2026-07-01 17:06:23"}
{"level":"info","message":"GET /api/reclamations","service":"detour-backend","timestamp":"2026-07-01 17:07:18"}
{"level":"info","message":"GET /api/reclamations","service":"detour-backend","timestamp":"2026-07-01 17:07:35"}
{"level":"info","message":"DELETE /api/trip/route/6a45353443ae550b6f59b44d","service":"detour-backend","timestamp":"2026-07-01 17:08:06"}
{"level":"info","message":"GET /api/trip/route","service":"detour-backend","timestamp":"2026-07-01 17:08:06"}
{"level":"info","message":"GET /api/reclamations","service":"detour-backend","timestamp":"2026-07-01 17:09:20"}
{"level":"info","message":"GET /api/auth/me","service":"detour-backend","timestamp":"2026-07-01 17:44:02"}
